<?xml version="1.0" encoding="UTF-8"?>
<testng-results ignored="0" total="4" passed="4" failed="0" skipped="0">
  <reporter-output>
  </reporter-output>
  <suite started-at="2025-08-22T12:32:16 IST" name="Default suite" finished-at="2025-08-22T12:32:29 IST" duration-ms="12645">
    <groups>
    </groups>
    <test started-at="2025-08-22T12:32:16 IST" name="Default test" finished-at="2025-08-22T12:32:29 IST" duration-ms="12645">
      <class name="testScript.LoginTest">
        <test-method is-config="true" signature="initializeBrowser()[pri:0, instance:testScript.LoginTest@2f9f7dcf]" started-at="2025-08-22T12:32:16 IST" name="initializeBrowser" finished-at="2025-08-22T12:32:19 IST" duration-ms="2801" status="PASS">
          <reporter-output>
          </reporter-output>
        </test-method> <!-- initializeBrowser -->
        <test-method signature="verifyUserLoginWithInvalidUsernameAndInValidPassword()[pri:0, instance:testScript.LoginTest@2f9f7dcf]" started-at="2025-08-22T12:32:19 IST" name="verifyUserLoginWithInvalidUsernameAndInValidPassword" finished-at="2025-08-22T12:32:19 IST" duration-ms="553" status="PASS">
          <reporter-output>
          </reporter-output>
        </test-method> <!-- verifyUserLoginWithInvalidUsernameAndInValidPassword -->
        <test-method is-config="true" signature="closeandquit()[pri:0, instance:testScript.LoginTest@2f9f7dcf]" started-at="2025-08-22T12:32:19 IST" name="closeandquit" finished-at="2025-08-22T12:32:20 IST" duration-ms="300" status="PASS">
          <reporter-output>
          </reporter-output>
        </test-method> <!-- closeandquit -->
        <test-method is-config="true" signature="initializeBrowser()[pri:0, instance:testScript.LoginTest@2f9f7dcf]" started-at="2025-08-22T12:32:20 IST" name="initializeBrowser" finished-at="2025-08-22T12:32:22 IST" duration-ms="1959" status="PASS">
          <reporter-output>
          </reporter-output>
        </test-method> <!-- initializeBrowser -->
        <test-method signature="verifyUserLoginWithInvalidUsernameAndValidPassword()[pri:0, instance:testScript.LoginTest@2f9f7dcf]" started-at="2025-08-22T12:32:22 IST" name="verifyUserLoginWithInvalidUsernameAndValidPassword" finished-at="2025-08-22T12:32:22 IST" duration-ms="556" status="PASS">
          <reporter-output>
          </reporter-output>
        </test-method> <!-- verifyUserLoginWithInvalidUsernameAndValidPassword -->
        <test-method is-config="true" signature="closeandquit()[pri:0, instance:testScript.LoginTest@2f9f7dcf]" started-at="2025-08-22T12:32:22 IST" name="closeandquit" finished-at="2025-08-22T12:32:23 IST" duration-ms="299" status="PASS">
          <reporter-output>
          </reporter-output>
        </test-method> <!-- closeandquit -->
        <test-method is-config="true" signature="initializeBrowser()[pri:0, instance:testScript.LoginTest@2f9f7dcf]" started-at="2025-08-22T12:32:23 IST" name="initializeBrowser" finished-at="2025-08-22T12:32:25 IST" duration-ms="1980" status="PASS">
          <reporter-output>
          </reporter-output>
        </test-method> <!-- initializeBrowser -->
        <test-method signature="verifyUserLoginWithValidCredential()[pri:0, instance:testScript.LoginTest@2f9f7dcf]" started-at="2025-08-22T12:32:25 IST" name="verifyUserLoginWithValidCredential" finished-at="2025-08-22T12:32:26 IST" duration-ms="1149" status="PASS">
          <reporter-output>
          </reporter-output>
        </test-method> <!-- verifyUserLoginWithValidCredential -->
        <test-method is-config="true" signature="closeandquit()[pri:0, instance:testScript.LoginTest@2f9f7dcf]" started-at="2025-08-22T12:32:26 IST" name="closeandquit" finished-at="2025-08-22T12:32:26 IST" duration-ms="303" status="PASS">
          <reporter-output>
          </reporter-output>
        </test-method> <!-- closeandquit -->
        <test-method is-config="true" signature="initializeBrowser()[pri:0, instance:testScript.LoginTest@2f9f7dcf]" started-at="2025-08-22T12:32:26 IST" name="initializeBrowser" finished-at="2025-08-22T12:32:28 IST" duration-ms="1867" status="PASS">
          <reporter-output>
          </reporter-output>
        </test-method> <!-- initializeBrowser -->
        <test-method signature="verifyUserLoginWithValidUsernameAndInvalidPassword()[pri:0, instance:testScript.LoginTest@2f9f7dcf]" started-at="2025-08-22T12:32:28 IST" name="verifyUserLoginWithValidUsernameAndInvalidPassword" finished-at="2025-08-22T12:32:28 IST" duration-ms="505" status="PASS">
          <reporter-output>
          </reporter-output>
        </test-method> <!-- verifyUserLoginWithValidUsernameAndInvalidPassword -->
        <test-method is-config="true" signature="closeandquit()[pri:0, instance:testScript.LoginTest@2f9f7dcf]" started-at="2025-08-22T12:32:28 IST" name="closeandquit" finished-at="2025-08-22T12:32:29 IST" duration-ms="279" status="PASS">
          <reporter-output>
          </reporter-output>
        </test-method> <!-- closeandquit -->
      </class> <!-- testScript.LoginTest -->
    </test> <!-- Default test -->
  </suite> <!-- Default suite -->
</testng-results>
