<?xml version="1.0" encoding="UTF-8"?>
<testng-results ignored="0" total="1" passed="1" failed="0" skipped="0">
  <reporter-output>
  </reporter-output>
  <suite started-at="2025-08-25T14:32:56 IST" name="Default suite" finished-at="2025-08-25T14:33:01 IST" duration-ms="4685">
    <groups>
    </groups>
    <test started-at="2025-08-25T14:32:56 IST" name="Default test" finished-at="2025-08-25T14:33:01 IST" duration-ms="4685">
      <class name="testScript.LoginTest">
        <test-method is-config="true" signature="initializeBrowser()[pri:0, instance:testScript.LoginTest@3023df74]" started-at="2025-08-25T14:32:56 IST" name="initializeBrowser" finished-at="2025-08-25T14:32:59 IST" duration-ms="2737" status="PASS">
          <reporter-output>
          </reporter-output>
        </test-method> <!-- initializeBrowser -->
        <test-method signature="verifyUserLoginWithInvalidUsernameAndInValidPassword()[pri:0, instance:testScript.LoginTest@3023df74]" started-at="2025-08-25T14:32:59 IST" name="verifyUserLoginWithInvalidUsernameAndInValidPassword" finished-at="2025-08-25T14:33:00 IST" duration-ms="1371" status="PASS">
          <reporter-output>
          </reporter-output>
        </test-method> <!-- verifyUserLoginWithInvalidUsernameAndInValidPassword -->
        <test-method is-config="true" signature="closeandquit()[pri:0, instance:testScript.LoginTest@3023df74]" started-at="2025-08-25T14:33:00 IST" name="closeandquit" finished-at="2025-08-25T14:33:01 IST" duration-ms="513" status="PASS">
          <reporter-output>
          </reporter-output>
        </test-method> <!-- closeandquit -->
      </class> <!-- testScript.LoginTest -->
    </test> <!-- Default test -->
  </suite> <!-- Default suite -->
</testng-results>
