<?xml version="1.0" encoding="UTF-8"?>
<!-- Generated by org.testng.reporters.JUnitXMLReporter -->
<testsuite ignored="0" hostname="DESKTOP-PCSHU8L" failures="0" tests="4" name="Default test" time="12.645" errors="0" timestamp="2025-08-22T12:32:29 IST">
  <testcase classname="testScript.LoginTest" name="verifyUserLoginWithInvalidUsernameAndInValidPassword" time="0.553"/>
  <testcase classname="testScript.LoginTest" name="verifyUserLoginWithInvalidUsernameAndValidPassword" time="0.556"/>
  <testcase classname="testScript.LoginTest" name="verifyUserLoginWithValidCredential" time="1.149"/>
  <testcase classname="testScript.LoginTest" name="verifyUserLoginWithValidUsernameAndInvalidPassword" time="0.505"/>
</testsuite> <!-- Default test -->
