<?xml version="1.0" encoding="UTF-8"?>
<!-- Generated by org.testng.reporters.JUnitXMLReporter -->
<testsuite ignored="3" hostname="DESKTOP-PCSHU8L" failures="0" tests="1" name="Default test" time="4.685" errors="0" timestamp="2025-08-25T14:33:01 IST">
  <testcase classname="testScript.LoginTest" name="verifyUserLoginWithInvalidUsernameAndInValidPassword" time="1.371"/>
  <testcase classname="testScript.LoginTest" name="verifyUserLoginWithValidCredential" time="0.0">
    <ignored/>
  </testcase> <!-- verifyUserLoginWithValidCredential -->
  <testcase classname="testScript.LoginTest" name="verifyUserLoginWithInvalidUsernameAndValidPassword" time="0.0">
    <ignored/>
  </testcase> <!-- verifyUserLoginWithInvalidUsernameAndValidPassword -->
  <testcase classname="testScript.LoginTest" name="verifyUserLoginWithValidUsernameAndInvalidPassword" time="0.0">
    <ignored/>
  </testcase> <!-- verifyUserLoginWithValidUsernameAndInvalidPassword -->
</testsuite> <!-- Default test -->
